Performing C SOURCE FILE Test CMAKE_HAVE_LIBC_PTHREAD failed with the following output:
Change Dir: /home/cwj/slamebook2/ch9/build/CMakeFiles/CMakeTmp

Run Build Command(s):/usr/bin/make cmTC_1b2b8/fast && /usr/bin/make -f CMakeFiles/cmTC_1b2b8.dir/build.make CMakeFiles/cmTC_1b2b8.dir/build
make[1]: 进入目录“/home/cwj/slamebook2/ch9/build/CMakeFiles/CMakeTmp”
Building C object CMakeFiles/cmTC_1b2b8.dir/src.c.o
/usr/bin/cc   -DCMAKE_HAVE_LIBC_PTHREAD   -o CMakeFiles/cmTC_1b2b8.dir/src.c.o   -c /home/cwj/slamebook2/ch9/build/CMakeFiles/CMakeTmp/src.c
Linking C executable cmTC_1b2b8
/usr/bin/cmake -E cmake_link_script CMakeFiles/cmTC_1b2b8.dir/link.txt --verbose=1
/usr/bin/cc  -DCMAKE_HAVE_LIBC_PTHREAD    -rdynamic CMakeFiles/cmTC_1b2b8.dir/src.c.o  -o cmTC_1b2b8 
/usr/bin/ld: CMakeFiles/cmTC_1b2b8.dir/src.c.o: in function `main':
src.c:(.text+0x46): undefined reference to `pthread_create'
/usr/bin/ld: src.c:(.text+0x52): undefined reference to `pthread_detach'
/usr/bin/ld: src.c:(.text+0x63): undefined reference to `pthread_join'
collect2: error: ld returned 1 exit status
make[1]: *** [CMakeFiles/cmTC_1b2b8.dir/build.make:87：cmTC_1b2b8] 错误 1
make[1]: 离开目录“/home/cwj/slamebook2/ch9/build/CMakeFiles/CMakeTmp”
make: *** [Makefile:121：cmTC_1b2b8/fast] 错误 2


Source file was:
#include <pthread.h>

void* test_func(void* data)
{
  return data;
}

int main(void)
{
  pthread_t thread;
  pthread_create(&thread, NULL, test_func, NULL);
  pthread_detach(thread);
  pthread_join(thread, NULL);
  pthread_atfork(NULL, NULL, NULL);
  pthread_exit(NULL);

  return 0;
}

Determining if the function pthread_create exists in the pthreads failed with the following output:
Change Dir: /home/cwj/slamebook2/ch9/build/CMakeFiles/CMakeTmp

Run Build Command(s):/usr/bin/make cmTC_92196/fast && /usr/bin/make -f CMakeFiles/cmTC_92196.dir/build.make CMakeFiles/cmTC_92196.dir/build
make[1]: 进入目录“/home/cwj/slamebook2/ch9/build/CMakeFiles/CMakeTmp”
Building C object CMakeFiles/cmTC_92196.dir/CheckFunctionExists.c.o
/usr/bin/cc   -DCHECK_FUNCTION_EXISTS=pthread_create   -o CMakeFiles/cmTC_92196.dir/CheckFunctionExists.c.o   -c /usr/share/cmake-3.16/Modules/CheckFunctionExists.c
Linking C executable cmTC_92196
/usr/bin/cmake -E cmake_link_script CMakeFiles/cmTC_92196.dir/link.txt --verbose=1
/usr/bin/cc  -DCHECK_FUNCTION_EXISTS=pthread_create    -rdynamic CMakeFiles/cmTC_92196.dir/CheckFunctionExists.c.o  -o cmTC_92196  -lpthreads 
/usr/bin/ld: 找不到 -lpthreads
collect2: error: ld returned 1 exit status
make[1]: *** [CMakeFiles/cmTC_92196.dir/build.make:87：cmTC_92196] 错误 1
make[1]: 离开目录“/home/cwj/slamebook2/ch9/build/CMakeFiles/CMakeTmp”
make: *** [Makefile:121：cmTC_92196/fast] 错误 2



Determining if the function sgemm_ exists failed with the following output:
Change Dir: /home/cwj/slamebook2/ch9/build/CMakeFiles/CMakeTmp

Run Build Command(s):/usr/bin/make cmTC_6af6d/fast && /usr/bin/make -f CMakeFiles/cmTC_6af6d.dir/build.make CMakeFiles/cmTC_6af6d.dir/build
make[1]: 进入目录“/home/cwj/slamebook2/ch9/build/CMakeFiles/CMakeTmp”
Building C object CMakeFiles/cmTC_6af6d.dir/CheckFunctionExists.c.o
/usr/bin/cc   -DCHECK_FUNCTION_EXISTS=sgemm_   -o CMakeFiles/cmTC_6af6d.dir/CheckFunctionExists.c.o   -c /usr/share/cmake-3.16/Modules/CheckFunctionExists.c
Linking C executable cmTC_6af6d
/usr/bin/cmake -E cmake_link_script CMakeFiles/cmTC_6af6d.dir/link.txt --verbose=1
/usr/bin/cc  -DCHECK_FUNCTION_EXISTS=sgemm_    -rdynamic CMakeFiles/cmTC_6af6d.dir/CheckFunctionExists.c.o  -o cmTC_6af6d 
/usr/bin/ld: CMakeFiles/cmTC_6af6d.dir/CheckFunctionExists.c.o: in function `main':
CheckFunctionExists.c:(.text+0x14): undefined reference to `sgemm_'
collect2: error: ld returned 1 exit status
make[1]: *** [CMakeFiles/cmTC_6af6d.dir/build.make:87：cmTC_6af6d] 错误 1
make[1]: 离开目录“/home/cwj/slamebook2/ch9/build/CMakeFiles/CMakeTmp”
make: *** [Makefile:121：cmTC_6af6d/fast] 错误 2



Determining if the function cheev_ exists failed with the following output:
Change Dir: /home/cwj/slamebook2/ch9/build/CMakeFiles/CMakeTmp

Run Build Command(s):/usr/bin/make cmTC_f8a82/fast && /usr/bin/make -f CMakeFiles/cmTC_f8a82.dir/build.make CMakeFiles/cmTC_f8a82.dir/build
make[1]: 进入目录“/home/cwj/slamebook2/ch9/build/CMakeFiles/CMakeTmp”
Building C object CMakeFiles/cmTC_f8a82.dir/CheckFunctionExists.c.o
/usr/bin/cc   -DCHECK_FUNCTION_EXISTS=cheev_   -o CMakeFiles/cmTC_f8a82.dir/CheckFunctionExists.c.o   -c /usr/share/cmake-3.16/Modules/CheckFunctionExists.c
Linking C executable cmTC_f8a82
/usr/bin/cmake -E cmake_link_script CMakeFiles/cmTC_f8a82.dir/link.txt --verbose=1
/usr/bin/cc  -DCHECK_FUNCTION_EXISTS=cheev_    -rdynamic CMakeFiles/cmTC_f8a82.dir/CheckFunctionExists.c.o  -o cmTC_f8a82  /usr/lib/x86_64-linux-gnu/libblas.so 
/usr/bin/ld: CMakeFiles/cmTC_f8a82.dir/CheckFunctionExists.c.o: in function `main':
CheckFunctionExists.c:(.text+0x14): undefined reference to `cheev_'
collect2: error: ld returned 1 exit status
make[1]: *** [CMakeFiles/cmTC_f8a82.dir/build.make:88：cmTC_f8a82] 错误 1
make[1]: 离开目录“/home/cwj/slamebook2/ch9/build/CMakeFiles/CMakeTmp”
make: *** [Makefile:121：cmTC_f8a82/fast] 错误 2



